[uWSGI] getting INI configuration from uwsgi.ini
*** Starting uWSGI 2.0.5.1 (64bit) on [Fri Sep 11 16:33:16 2015] ***
compiled with version: 4.4.7 20120313 (Red Hat 4.4.7-4) on 29 July 2014 21:45:15
os: Linux-2.6.32-431.20.3.el6.x86_64 #1 SMP Thu Jun 19 21:14:45 UTC 2014
nodename: iZ25uxb5t2tZ
machine: x86_64
clock source: unix
pcre jit disabled
detected number of CPU cores: 1
current working directory: /data/www/blog_and_jizhang/heibanke_prj
detected binary path: /usr/local/bin/uwsgi
uWSGI running as root, you can use --uid/--gid/--chroot options
*** WARNING: you are running uWSGI as root !!! (use the --uid flag) *** 
your processes number limit is 7798
your memory page size is 4096 bytes
detected max file descriptor number: 65535
lock engine: pthread robust mutexes
thunder lock: disabled (you can enable it with --thunder-lock)
uwsgi socket 0 bound to TCP address 127.0.0.1:8001 fd 3
Python version: 2.7.5 (default, Jul 29 2014, 16:19:28)  [GCC 4.4.7 20120313 (Red Hat 4.4.7-4)]
*** Python threads support is disabled. You can enable it with --enable-threads ***
Python main interpreter initialized at 0x12cbf00
your server socket listen backlog is limited to 100 connections
your mercy for graceful operations on workers is 60 seconds
mapped 363840 bytes (355 KB) for 4 cores
*** Operational MODE: preforking ***
ImportError: No module named heibanke.wsgi
unable to load app 0 (mountpoint='') (callable not found or import error)
WSGI app 0 (mountpoint='') ready in 0 seconds on interpreter 0x12cbf00 pid: 14927 (default app)
*** uWSGI is running in multiple interpreter mode ***
spawned uWSGI master process (pid: 14927)
spawned uWSGI worker 1 (pid: 14932, cores: 1)
spawned uWSGI worker 2 (pid: 14933, cores: 1)
spawned uWSGI worker 3 (pid: 14934, cores: 1)
spawned uWSGI worker 4 (pid: 14935, cores: 1)
[pid: 14933|app: 0|req: 1/1] 111.205.161.50 () {44 vars in 781 bytes} [Fri Sep 11 08:33:20 2015] GET / => generated 116266 bytes in 176 msecs (HTTP/1.1 500) 2 headers in 92 bytes (1 switches on core 0)
[pid: 14932|app: 0|req: 1/2] 111.205.161.50 () {42 vars in 723 bytes} [Fri Sep 11 08:34:58 2015] GET / => generated 115644 bytes in 167 msecs (HTTP/1.1 500) 2 headers in 92 bytes (1 switches on core 0)
SIGINT/SIGQUIT received...killing workers...
worker 1 buried after 1 seconds
worker 2 buried after 1 seconds
worker 3 buried after 1 seconds
worker 4 buried after 1 seconds
goodbye to uWSGI.
[uWSGI] getting INI configuration from uwsgi.ini
*** Starting uWSGI 2.0.5.1 (64bit) on [Fri Sep 11 16:35:14 2015] ***
compiled with version: 4.4.7 20120313 (Red Hat 4.4.7-4) on 29 July 2014 21:45:15
os: Linux-2.6.32-431.20.3.el6.x86_64 #1 SMP Thu Jun 19 21:14:45 UTC 2014
nodename: iZ25uxb5t2tZ
machine: x86_64
clock source: unix
pcre jit disabled
detected number of CPU cores: 1
current working directory: /data/www/blog_and_jizhang/heibanke_prj
detected binary path: /usr/local/bin/uwsgi
uWSGI running as root, you can use --uid/--gid/--chroot options
*** WARNING: you are running uWSGI as root !!! (use the --uid flag) *** 
your processes number limit is 7798
your memory page size is 4096 bytes
detected max file descriptor number: 65535
lock engine: pthread robust mutexes
thunder lock: disabled (you can enable it with --thunder-lock)
uwsgi socket 0 bound to TCP address 127.0.0.1:8001 fd 3
Python version: 2.7.5 (default, Jul 29 2014, 16:19:28)  [GCC 4.4.7 20120313 (Red Hat 4.4.7-4)]
*** Python threads support is disabled. You can enable it with --enable-threads ***
Python main interpreter initialized at 0x2389f00
your server socket listen backlog is limited to 100 connections
your mercy for graceful operations on workers is 60 seconds
mapped 363840 bytes (355 KB) for 4 cores
*** Operational MODE: preforking ***
ImportError: No module named heibanke.wsgi
unable to load app 0 (mountpoint='') (callable not found or import error)
WSGI app 0 (mountpoint='') ready in 0 seconds on interpreter 0x2389f00 pid: 14937 (default app)
*** uWSGI is running in multiple interpreter mode ***
spawned uWSGI master process (pid: 14937)
spawned uWSGI worker 1 (pid: 14942, cores: 1)
spawned uWSGI worker 2 (pid: 14943, cores: 1)
spawned uWSGI worker 3 (pid: 14944, cores: 1)
spawned uWSGI worker 4 (pid: 14945, cores: 1)
[pid: 14944|app: 0|req: 1/1] 111.205.161.50 () {42 vars in 723 bytes} [Fri Sep 11 08:35:19 2015] GET / => generated 115644 bytes in 166 msecs (HTTP/1.1 500) 2 headers in 92 bytes (1 switches on core 0)
Fri Sep 11 08:35:36 2015 - uWSGI worker 1 screams: UAAAAAAH my master disconnected: i will kill myself !!!
Fri Sep 11 08:35:36 2015 - uWSGI worker 2 screams: UAAAAAAH my master disconnected: i will kill myself !!!
Fri Sep 11 08:35:36 2015 - uWSGI worker 3 screams: UAAAAAAH my master disconnected: i will kill myself !!!
Fri Sep 11 08:35:37 2015 - uWSGI worker 4 screams: UAAAAAAH my master disconnected: i will kill myself !!!
[uWSGI] getting INI configuration from uwsgi.ini
*** Starting uWSGI 2.0.5.1 (64bit) on [Fri Sep 11 16:37:56 2015] ***
compiled with version: 4.4.7 20120313 (Red Hat 4.4.7-4) on 29 July 2014 21:45:15
os: Linux-2.6.32-431.20.3.el6.x86_64 #1 SMP Thu Jun 19 21:14:45 UTC 2014
nodename: iZ25uxb5t2tZ
machine: x86_64
clock source: unix
pcre jit disabled
detected number of CPU cores: 1
current working directory: /data/www/blog_and_jizhang/heibanke_prj
detected binary path: /usr/local/bin/uwsgi
uWSGI running as root, you can use --uid/--gid/--chroot options
*** WARNING: you are running uWSGI as root !!! (use the --uid flag) *** 
chdir(): No such file or directory [core/uwsgi.c line 2522]
chdir(): No such file or directory [core/uwsgi.c line 1561]
[uWSGI] getting INI configuration from uwsgi.ini
*** Starting uWSGI 2.0.5.1 (64bit) on [Fri Sep 11 16:41:10 2015] ***
compiled with version: 4.4.7 20120313 (Red Hat 4.4.7-4) on 29 July 2014 21:45:15
os: Linux-2.6.32-431.20.3.el6.x86_64 #1 SMP Thu Jun 19 21:14:45 UTC 2014
nodename: iZ25uxb5t2tZ
machine: x86_64
clock source: unix
pcre jit disabled
detected number of CPU cores: 1
current working directory: /data/www/blog_and_jizhang/heibanke_prj
detected binary path: /usr/local/bin/uwsgi
uWSGI running as root, you can use --uid/--gid/--chroot options
*** WARNING: you are running uWSGI as root !!! (use the --uid flag) *** 
your processes number limit is 7798
your memory page size is 4096 bytes
detected max file descriptor number: 65535
lock engine: pthread robust mutexes
thunder lock: disabled (you can enable it with --thunder-lock)
uwsgi socket 0 bound to TCP address 127.0.0.1:8001 fd 3
Python version: 2.7.5 (default, Jul 29 2014, 16:19:28)  [GCC 4.4.7 20120313 (Red Hat 4.4.7-4)]
*** Python threads support is disabled. You can enable it with --enable-threads ***
Python main interpreter initialized at 0x18b2f00
your server socket listen backlog is limited to 100 connections
your mercy for graceful operations on workers is 60 seconds
mapped 363840 bytes (355 KB) for 4 cores
*** Operational MODE: preforking ***
WSGI app 0 (mountpoint='') ready in 1 seconds on interpreter 0x18b2f00 pid: 14987 (default app)
mountpoint  already configured. skip.
*** uWSGI is running in multiple interpreter mode ***
spawned uWSGI master process (pid: 14987)
spawned uWSGI worker 1 (pid: 14992, cores: 1)
spawned uWSGI worker 2 (pid: 14993, cores: 1)
spawned uWSGI worker 3 (pid: 14994, cores: 1)
spawned uWSGI worker 4 (pid: 14995, cores: 1)
[pid: 14994|app: 0|req: 1/1] 111.205.161.50 () {42 vars in 724 bytes} [Fri Sep 11 16:41:16 2015] GET / => generated 24450 bytes in 515 msecs (HTTP/1.1 200) 3 headers in 102 bytes (1 switches on core 0)
[pid: 14995|app: 0|req: 1/2] 111.205.161.50 () {42 vars in 749 bytes} [Fri Sep 11 16:41:25 2015] GET /jizhang/ => generated 0 bytes in 73 msecs (HTTP/1.1 302) 4 headers in 171 bytes (1 switches on core 0)
[pid: 14993|app: 0|req: 1/3] 111.205.161.50 () {42 vars in 792 bytes} [Fri Sep 11 16:41:26 2015] GET /accounts/login/?next=/jizhang/ => generated 2939 bytes in 83 msecs (HTTP/1.1 200) 4 headers in 224 bytes (1 switches on core 0)
[pid: 14995|app: 0|req: 2/4] 111.205.161.50 () {52 vars in 1057 bytes} [Fri Sep 11 16:41:38 2015] POST /accounts/login/?next=/jizhang/ => generated 0 bytes in 149 msecs (HTTP/1.1 302) 6 headers in 402 bytes (1 switches on core 0)
[pid: 14993|app: 0|req: 2/5] 111.205.161.50 () {46 vars in 911 bytes} [Fri Sep 11 16:41:39 2015] GET /jizhang/ => generated 12847 bytes in 63 msecs (HTTP/1.1 200) 4 headers in 224 bytes (1 switches on core 0)
[pid: 14995|app: 0|req: 3/6] 111.205.161.50 () {44 vars in 872 bytes} [Fri Sep 11 16:41:41 2015] GET /accounts/logout => generated 1682 bytes in 16 msecs (HTTP/1.1 200) 3 headers in 171 bytes (1 switches on core 0)
[pid: 14993|app: 0|req: 3/7] 111.205.161.50 () {42 vars in 750 bytes} [Fri Sep 11 16:41:45 2015] GET / => generated 24450 bytes in 385 msecs (HTTP/1.1 200) 3 headers in 102 bytes (1 switches on core 0)
[pid: 14995|app: 0|req: 4/8] 111.205.161.50 () {44 vars in 830 bytes} [Fri Sep 11 16:41:50 2015] GET /lesson/crawler_ex00/ => generated 71035 bytes in 123 msecs (HTTP/1.1 500) 2 headers in 92 bytes (1 switches on core 0)
SIGINT/SIGQUIT received...killing workers...
worker 1 buried after 1 seconds
worker 2 buried after 1 seconds
worker 3 buried after 1 seconds
worker 4 buried after 1 seconds
goodbye to uWSGI.
[uWSGI] getting INI configuration from uwsgi.ini
*** Starting uWSGI 2.0.5.1 (64bit) on [Fri Sep 11 16:44:57 2015] ***
compiled with version: 4.4.7 20120313 (Red Hat 4.4.7-4) on 29 July 2014 21:45:15
os: Linux-2.6.32-431.20.3.el6.x86_64 #1 SMP Thu Jun 19 21:14:45 UTC 2014
nodename: iZ25uxb5t2tZ
machine: x86_64
clock source: unix
pcre jit disabled
detected number of CPU cores: 1
current working directory: /data/www/blog_and_jizhang/heibanke_prj
detected binary path: /usr/local/bin/uwsgi
uWSGI running as root, you can use --uid/--gid/--chroot options
*** WARNING: you are running uWSGI as root !!! (use the --uid flag) *** 
your processes number limit is 7798
your memory page size is 4096 bytes
detected max file descriptor number: 65535
lock engine: pthread robust mutexes
thunder lock: disabled (you can enable it with --thunder-lock)
uwsgi socket 0 bound to TCP address 127.0.0.1:8001 fd 3
Python version: 2.7.5 (default, Jul 29 2014, 16:19:28)  [GCC 4.4.7 20120313 (Red Hat 4.4.7-4)]
*** Python threads support is disabled. You can enable it with --enable-threads ***
Python main interpreter initialized at 0x2500f20
your server socket listen backlog is limited to 100 connections
your mercy for graceful operations on workers is 60 seconds
mapped 363840 bytes (355 KB) for 4 cores
*** Operational MODE: preforking ***
WSGI app 0 (mountpoint='') ready in 1 seconds on interpreter 0x2500f20 pid: 15025 (default app)
mountpoint  already configured. skip.
*** uWSGI is running in multiple interpreter mode ***
spawned uWSGI master process (pid: 15025)
spawned uWSGI worker 1 (pid: 15030, cores: 1)
spawned uWSGI worker 2 (pid: 15031, cores: 1)
spawned uWSGI worker 3 (pid: 15032, cores: 1)
spawned uWSGI worker 4 (pid: 15033, cores: 1)
[pid: 15030|app: 0|req: 1/1] 111.205.161.50 () {44 vars in 821 bytes} [Fri Sep 11 16:45:01 2015] GET /lesson/crawler_ex00/ => generated 70999 bytes in 191 msecs (HTTP/1.1 500) 2 headers in 92 bytes (1 switches on core 0)
SIGINT/SIGQUIT received...killing workers...
worker 1 buried after 1 seconds
worker 2 buried after 1 seconds
worker 3 buried after 1 seconds
worker 4 buried after 1 seconds
goodbye to uWSGI.
[uWSGI] getting INI configuration from uwsgi.ini
*** Starting uWSGI 2.0.5.1 (64bit) on [Fri Sep 11 16:49:50 2015] ***
compiled with version: 4.4.7 20120313 (Red Hat 4.4.7-4) on 29 July 2014 21:45:15
os: Linux-2.6.32-431.20.3.el6.x86_64 #1 SMP Thu Jun 19 21:14:45 UTC 2014
nodename: iZ25uxb5t2tZ
machine: x86_64
clock source: unix
pcre jit disabled
detected number of CPU cores: 1
current working directory: /data/www/blog_and_jizhang/heibanke_prj
detected binary path: /usr/local/bin/uwsgi
uWSGI running as root, you can use --uid/--gid/--chroot options
*** WARNING: you are running uWSGI as root !!! (use the --uid flag) *** 
your processes number limit is 7798
your memory page size is 4096 bytes
detected max file descriptor number: 65535
lock engine: pthread robust mutexes
thunder lock: disabled (you can enable it with --thunder-lock)
uwsgi socket 0 bound to TCP address 127.0.0.1:8001 fd 3
Python version: 2.7.5 (default, Jul 29 2014, 16:19:28)  [GCC 4.4.7 20120313 (Red Hat 4.4.7-4)]
*** Python threads support is disabled. You can enable it with --enable-threads ***
Python main interpreter initialized at 0x271ef10
your server socket listen backlog is limited to 100 connections
your mercy for graceful operations on workers is 60 seconds
mapped 363840 bytes (355 KB) for 4 cores
*** Operational MODE: preforking ***
WSGI app 0 (mountpoint='') ready in 0 seconds on interpreter 0x271ef10 pid: 15039 (default app)
mountpoint  already configured. skip.
*** uWSGI is running in multiple interpreter mode ***
spawned uWSGI master process (pid: 15039)
spawned uWSGI worker 1 (pid: 15044, cores: 1)
spawned uWSGI worker 2 (pid: 15045, cores: 1)
spawned uWSGI worker 3 (pid: 15046, cores: 1)
spawned uWSGI worker 4 (pid: 15047, cores: 1)
SIGINT/SIGQUIT received...killing workers...
worker 1 buried after 1 seconds
worker 2 buried after 1 seconds
worker 3 buried after 1 seconds
worker 4 buried after 1 seconds
goodbye to uWSGI.
[uWSGI] getting INI configuration from uwsgi.ini
*** Starting uWSGI 2.0.5.1 (64bit) on [Fri Sep 11 16:49:56 2015] ***
compiled with version: 4.4.7 20120313 (Red Hat 4.4.7-4) on 29 July 2014 21:45:15
os: Linux-2.6.32-431.20.3.el6.x86_64 #1 SMP Thu Jun 19 21:14:45 UTC 2014
nodename: iZ25uxb5t2tZ
machine: x86_64
clock source: unix
pcre jit disabled
detected number of CPU cores: 1
current working directory: /data/www/blog_and_jizhang/heibanke_prj
detected binary path: /usr/local/bin/uwsgi
uWSGI running as root, you can use --uid/--gid/--chroot options
*** WARNING: you are running uWSGI as root !!! (use the --uid flag) *** 
your processes number limit is 7798
your memory page size is 4096 bytes
detected max file descriptor number: 65535
lock engine: pthread robust mutexes
thunder lock: disabled (you can enable it with --thunder-lock)
uwsgi socket 0 bound to TCP address 127.0.0.1:8001 fd 3
Python version: 2.7.5 (default, Jul 29 2014, 16:19:28)  [GCC 4.4.7 20120313 (Red Hat 4.4.7-4)]
*** Python threads support is disabled. You can enable it with --enable-threads ***
Python main interpreter initialized at 0x1a27f10
your server socket listen backlog is limited to 100 connections
your mercy for graceful operations on workers is 60 seconds
mapped 363840 bytes (355 KB) for 4 cores
*** Operational MODE: preforking ***
WSGI app 0 (mountpoint='') ready in 1 seconds on interpreter 0x1a27f10 pid: 15048 (default app)
mountpoint  already configured. skip.
*** uWSGI is running in multiple interpreter mode ***
spawned uWSGI master process (pid: 15048)
spawned uWSGI worker 1 (pid: 15053, cores: 1)
spawned uWSGI worker 2 (pid: 15054, cores: 1)
spawned uWSGI worker 3 (pid: 15055, cores: 1)
spawned uWSGI worker 4 (pid: 15056, cores: 1)
[pid: 15054|app: 0|req: 1/1] 111.205.161.50 () {44 vars in 821 bytes} [Fri Sep 11 16:50:00 2015] GET /lesson/crawler_ex00/ => generated 70999 bytes in 185 msecs (HTTP/1.1 500) 2 headers in 92 bytes (1 switches on core 0)
[pid: 15053|app: 0|req: 1/2] 111.205.161.50 () {42 vars in 788 bytes} [Fri Sep 11 16:50:04 2015] GET /lesson/crawler_ex01 => generated 0 bytes in 71 msecs (HTTP/1.1 301) 3 headers in 159 bytes (1 switches on core 0)
[pid: 15055|app: 0|req: 1/3] 111.205.161.50 () {42 vars in 790 bytes} [Fri Sep 11 16:50:05 2015] GET /lesson/crawler_ex01/ => generated 73034 bytes in 191 msecs (HTTP/1.1 500) 2 headers in 92 bytes (1 switches on core 0)
[pid: 15053|app: 0|req: 2/4] 182.92.253.20 () {40 vars in 754 bytes} [Fri Sep 11 16:51:59 2015] GET /lesson/crawler_ex00/ => generated 69883 bytes in 126 msecs (HTTP/1.1 500) 2 headers in 92 bytes (1 switches on core 0)
[pid: 15055|app: 0|req: 2/5] 182.92.253.20 () {40 vars in 690 bytes} [Fri Sep 11 16:52:00 2015] GET /favicon.ico => generated 8770 bytes in 21 msecs (HTTP/1.1 404) 2 headers in 80 bytes (1 switches on core 0)
[pid: 15053|app: 0|req: 3/6] 111.205.161.50 () {42 vars in 750 bytes} [Fri Sep 11 16:52:20 2015] GET / => generated 24450 bytes in 395 msecs (HTTP/1.1 200) 3 headers in 102 bytes (1 switches on core 0)
[pid: 15053|app: 0|req: 4/7] 111.205.161.50 () {42 vars in 764 bytes} [Fri Sep 11 16:52:24 2015] GET /jizhang => generated 0 bytes in 1 msecs (HTTP/1.1 301) 3 headers in 147 bytes (1 switches on core 0)
[pid: 15055|app: 0|req: 3/8] 111.205.161.50 () {42 vars in 765 bytes} [Fri Sep 11 16:52:26 2015] GET /jizhang/ => generated 0 bytes in 7 msecs (HTTP/1.1 302) 4 headers in 171 bytes (1 switches on core 0)
[pid: 15053|app: 0|req: 5/9] 111.205.161.50 () {42 vars in 808 bytes} [Fri Sep 11 16:52:27 2015] GET /accounts/login/?next=/jizhang/ => generated 2939 bytes in 10 msecs (HTTP/1.1 200) 4 headers in 224 bytes (1 switches on core 0)
[pid: 15053|app: 0|req: 6/10] 111.205.161.50 () {42 vars in 790 bytes} [Fri Sep 11 16:52:32 2015] GET /lesson/crawler_ex01/ => generated 73034 bytes in 106 msecs (HTTP/1.1 500) 2 headers in 92 bytes (1 switches on core 0)
Fri Sep 11 16:53:19 2015 - uWSGI worker 1 screams: UAAAAAAH my master disconnected: i will kill myself !!!
Fri Sep 11 16:53:19 2015 - uWSGI worker 2 screams: UAAAAAAH my master disconnected: i will kill myself !!!
Fri Sep 11 16:53:19 2015 - uWSGI worker 3 screams: UAAAAAAH my master disconnected: i will kill myself !!!
Fri Sep 11 16:53:19 2015 - uWSGI worker 4 screams: UAAAAAAH my master disconnected: i will kill myself !!!
[uWSGI] getting INI configuration from uwsgi.ini
*** Starting uWSGI 2.0.5.1 (64bit) on [Fri Sep 11 16:54:10 2015] ***
compiled with version: 4.4.7 20120313 (Red Hat 4.4.7-4) on 29 July 2014 21:45:15
os: Linux-2.6.32-431.20.3.el6.x86_64 #1 SMP Thu Jun 19 21:14:45 UTC 2014
nodename: iZ25uxb5t2tZ
machine: x86_64
clock source: unix
pcre jit disabled
detected number of CPU cores: 1
current working directory: /data/www/blog_and_jizhang/heibanke_prj
detected binary path: /usr/local/bin/uwsgi
uWSGI running as root, you can use --uid/--gid/--chroot options
*** WARNING: you are running uWSGI as root !!! (use the --uid flag) *** 
your processes number limit is 7798
your memory page size is 4096 bytes
detected max file descriptor number: 65535
lock engine: pthread robust mutexes
thunder lock: disabled (you can enable it with --thunder-lock)
uwsgi socket 0 bound to TCP address 127.0.0.1:8001 fd 3
Python version: 2.7.5 (default, Jul 29 2014, 16:19:28)  [GCC 4.4.7 20120313 (Red Hat 4.4.7-4)]
*** Python threads support is disabled. You can enable it with --enable-threads ***
Python main interpreter initialized at 0x1f64f10
your server socket listen backlog is limited to 100 connections
your mercy for graceful operations on workers is 60 seconds
mapped 363840 bytes (355 KB) for 4 cores
*** Operational MODE: preforking ***
WSGI app 0 (mountpoint='') ready in 0 seconds on interpreter 0x1f64f10 pid: 15070 (default app)
mountpoint  already configured. skip.
*** uWSGI is running in multiple interpreter mode ***
spawned uWSGI master process (pid: 15070)
spawned uWSGI worker 1 (pid: 15075, cores: 1)
spawned uWSGI worker 2 (pid: 15076, cores: 1)
spawned uWSGI worker 3 (pid: 15077, cores: 1)
spawned uWSGI worker 4 (pid: 15078, cores: 1)
[pid: 15077|app: 0|req: 1/1] 111.205.161.50 () {44 vars in 821 bytes} [Fri Sep 11 16:54:14 2015] GET /lesson/crawler_ex01/ => generated 73128 bytes in 190 msecs (HTTP/1.1 500) 2 headers in 92 bytes (1 switches on core 0)
[pid: 15078|app: 0|req: 1/2] 222.186.30.211 () {40 vars in 734 bytes} [Fri Sep 11 16:55:36 2015] POST /POST_ip_port.php => generated 8784 bytes in 86 msecs (HTTP/1.0 404) 2 headers in 80 bytes (1 switches on core 0)
SIGINT/SIGQUIT received...killing workers...
worker 1 buried after 1 seconds
worker 2 buried after 1 seconds
worker 3 buried after 1 seconds
worker 4 buried after 1 seconds
goodbye to uWSGI.
[uWSGI] getting INI configuration from uwsgi.ini
*** Starting uWSGI 2.0.5.1 (64bit) on [Fri Sep 11 17:04:13 2015] ***
compiled with version: 4.4.7 20120313 (Red Hat 4.4.7-4) on 29 July 2014 21:45:15
os: Linux-2.6.32-431.20.3.el6.x86_64 #1 SMP Thu Jun 19 21:14:45 UTC 2014
nodename: iZ25uxb5t2tZ
machine: x86_64
clock source: unix
pcre jit disabled
detected number of CPU cores: 1
current working directory: /data/www/blog_and_jizhang/heibanke_prj
detected binary path: /usr/local/bin/uwsgi
uWSGI running as root, you can use --uid/--gid/--chroot options
*** WARNING: you are running uWSGI as root !!! (use the --uid flag) *** 
your processes number limit is 7798
your memory page size is 4096 bytes
detected max file descriptor number: 65535
lock engine: pthread robust mutexes
thunder lock: disabled (you can enable it with --thunder-lock)
uwsgi socket 0 bound to TCP address 127.0.0.1:8001 fd 3
Python version: 2.7.5 (default, Jul 29 2014, 16:19:28)  [GCC 4.4.7 20120313 (Red Hat 4.4.7-4)]
*** Python threads support is disabled. You can enable it with --enable-threads ***
Python main interpreter initialized at 0x27b9f20
your server socket listen backlog is limited to 100 connections
your mercy for graceful operations on workers is 60 seconds
mapped 363840 bytes (355 KB) for 4 cores
*** Operational MODE: preforking ***
WSGI app 0 (mountpoint='') ready in 0 seconds on interpreter 0x27b9f20 pid: 15107 (default app)
mountpoint  already configured. skip.
*** uWSGI is running in multiple interpreter mode ***
spawned uWSGI master process (pid: 15107)
spawned uWSGI worker 1 (pid: 15112, cores: 1)
spawned uWSGI worker 2 (pid: 15113, cores: 1)
spawned uWSGI worker 3 (pid: 15114, cores: 1)
spawned uWSGI worker 4 (pid: 15115, cores: 1)
[pid: 15112|app: 0|req: 1/1] 111.205.161.50 () {42 vars in 766 bytes} [Fri Sep 11 17:04:39 2015] GET /jizhang/ => generated 0 bytes in 71 msecs (HTTP/1.1 302) 4 headers in 171 bytes (1 switches on core 0)
[pid: 15115|app: 0|req: 1/2] 111.205.161.50 () {42 vars in 809 bytes} [Fri Sep 11 17:04:40 2015] GET /accounts/login/?next=/jizhang/ => generated 2939 bytes in 81 msecs (HTTP/1.1 200) 4 headers in 224 bytes (1 switches on core 0)
[pid: 15112|app: 0|req: 2/3] 111.205.161.50 () {52 vars in 1057 bytes} [Fri Sep 11 17:04:50 2015] POST /accounts/login/?next=/jizhang/ => generated 0 bytes in 147 msecs (HTTP/1.1 302) 6 headers in 402 bytes (1 switches on core 0)
[pid: 15115|app: 0|req: 2/4] 111.205.161.50 () {46 vars in 911 bytes} [Fri Sep 11 17:04:51 2015] GET /jizhang/ => generated 12847 bytes in 64 msecs (HTTP/1.1 200) 4 headers in 224 bytes (1 switches on core 0)
[pid: 15112|app: 0|req: 3/5] 111.205.161.50 () {42 vars in 832 bytes} [Fri Sep 11 17:04:55 2015] GET /lesson/crawler_ex01 => generated 0 bytes in 8 msecs (HTTP/1.1 301) 3 headers in 159 bytes (1 switches on core 0)
[pid: 15115|app: 0|req: 3/6] 111.205.161.50 () {42 vars in 834 bytes} [Fri Sep 11 17:04:56 2015] GET /lesson/crawler_ex01/ => generated 73370 bytes in 121 msecs (HTTP/1.1 500) 2 headers in 92 bytes (1 switches on core 0)
[pid: 15112|app: 0|req: 4/7] 111.205.161.50 () {42 vars in 836 bytes} [Fri Sep 11 17:05:03 2015] GET /lesson/crawler_ex00/1 => generated 0 bytes in 2 msecs (HTTP/1.1 301) 3 headers in 161 bytes (1 switches on core 0)
[pid: 15115|app: 0|req: 4/8] 111.205.161.50 () {42 vars in 838 bytes} [Fri Sep 11 17:05:04 2015] GET /lesson/crawler_ex00/1/ => generated 71617 bytes in 106 msecs (HTTP/1.1 500) 2 headers in 92 bytes (1 switches on core 0)
[pid: 15112|app: 0|req: 5/9] 111.205.161.50 () {42 vars in 833 bytes} [Fri Sep 11 17:05:05 2015] GET /lesson/crawler_ex00/ => generated 71037 bytes in 128 msecs (HTTP/1.1 500) 2 headers in 92 bytes (1 switches on core 0)
Fri Sep 11 17:06:10 2015 - uWSGI worker 1 screams: UAAAAAAH my master disconnected: i will kill myself !!!
Fri Sep 11 17:06:10 2015 - uWSGI worker 2 screams: UAAAAAAH my master disconnected: i will kill myself !!!
Fri Sep 11 17:06:10 2015 - uWSGI worker 3 screams: UAAAAAAH my master disconnected: i will kill myself !!!
Fri Sep 11 17:06:10 2015 - uWSGI worker 4 screams: UAAAAAAH my master disconnected: i will kill myself !!!
[uWSGI] getting INI configuration from uwsgi.ini
*** Starting uWSGI 2.0.5.1 (64bit) on [Fri Sep 11 17:06:56 2015] ***
compiled with version: 4.4.7 20120313 (Red Hat 4.4.7-4) on 29 July 2014 21:45:15
os: Linux-2.6.32-431.20.3.el6.x86_64 #1 SMP Thu Jun 19 21:14:45 UTC 2014
nodename: iZ25uxb5t2tZ
machine: x86_64
clock source: unix
pcre jit disabled
detected number of CPU cores: 1
current working directory: /data/www/blog_and_jizhang/heibanke_prj
detected binary path: /usr/local/bin/uwsgi
uWSGI running as root, you can use --uid/--gid/--chroot options
*** WARNING: you are running uWSGI as root !!! (use the --uid flag) *** 
your processes number limit is 7798
your memory page size is 4096 bytes
detected max file descriptor number: 65535
lock engine: pthread robust mutexes
thunder lock: disabled (you can enable it with --thunder-lock)
uwsgi socket 0 bound to TCP address 127.0.0.1:8001 fd 3
Python version: 2.7.5 (default, Jul 29 2014, 16:19:28)  [GCC 4.4.7 20120313 (Red Hat 4.4.7-4)]
*** Python threads support is disabled. You can enable it with --enable-threads ***
Python main interpreter initialized at 0xcccf10
your server socket listen backlog is limited to 100 connections
your mercy for graceful operations on workers is 60 seconds
mapped 363840 bytes (355 KB) for 4 cores
*** Operational MODE: preforking ***
WSGI app 0 (mountpoint='') ready in 0 seconds on interpreter 0xcccf10 pid: 15163 (default app)
mountpoint  already configured. skip.
*** uWSGI is running in multiple interpreter mode ***
spawned uWSGI master process (pid: 15163)
spawned uWSGI worker 1 (pid: 15168, cores: 1)
spawned uWSGI worker 2 (pid: 15169, cores: 1)
spawned uWSGI worker 3 (pid: 15170, cores: 1)
spawned uWSGI worker 4 (pid: 15171, cores: 1)
[pid: 15171|app: 0|req: 1/1] 111.205.161.50 () {44 vars in 868 bytes} [Fri Sep 11 17:07:03 2015] GET /lesson/crawler_ex00/1/ => generated 7001 bytes in 131 msecs (HTTP/1.1 500) 2 headers in 107 bytes (1 switches on core 0)
[pid: 15171|app: 0|req: 2/2] 121.42.0.14 () {40 vars in 664 bytes} [Fri Sep 11 17:24:07 2015] PUT /webscan38502863.txt => generated 6896 bytes in 19 msecs (HTTP/1.1 400) 2 headers in 97 bytes (1 switches on core 0)
[pid: 15171|app: 0|req: 3/3] 121.42.0.14 () {40 vars in 664 bytes} [Fri Sep 11 17:24:16 2015] PUT /webscan38502863.txt => generated 6896 bytes in 20 msecs (HTTP/1.1 400) 2 headers in 97 bytes (1 switches on core 0)
[pid: 15169|app: 0|req: 1/4] 121.42.0.14 () {38 vars in 575 bytes} [Fri Sep 11 17:24:18 2015] GET /jmx-console/ => generated 6896 bytes in 121 msecs (HTTP/1.1 400) 2 headers in 97 bytes (1 switches on core 0)
[pid: 15171|app: 0|req: 4/5] 121.42.0.14 () {38 vars in 575 bytes} [Fri Sep 11 17:24:20 2015] GET /web-console/ => generated 6896 bytes in 20 msecs (HTTP/1.1 400) 2 headers in 97 bytes (1 switches on core 0)
[pid: 15169|app: 0|req: 2/6] 121.42.0.14 () {38 vars in 601 bytes} [Fri Sep 11 17:24:22 2015] GET /invoker/JMXInvokerServlet => generated 6896 bytes in 18 msecs (HTTP/1.1 400) 2 headers in 97 bytes (1 switches on core 0)
[pid: 15171|app: 0|req: 5/7] 121.42.0.14 () {38 vars in 601 bytes} [Fri Sep 11 17:24:25 2015] GET /invoker/EJBInvokerServlet => generated 6896 bytes in 19 msecs (HTTP/1.1 400) 2 headers in 97 bytes (1 switches on core 0)
[pid: 15171|app: 0|req: 6/8] 121.42.0.14 () {38 vars in 565 bytes} [Fri Sep 11 17:24:26 2015] GET /status/ => generated 6896 bytes in 38 msecs (HTTP/1.1 400) 2 headers in 97 bytes (1 switches on core 0)
[pid: 15169|app: 0|req: 3/9] 123.125.71.42 () {36 vars in 487 bytes} [Fri Sep 11 17:24:26 2015] GET / => generated 24450 bytes in 389 msecs (HTTP/1.1 200) 3 headers in 102 bytes (1 switches on core 0)
[pid: 15171|app: 0|req: 7/10] 121.42.0.14 () {38 vars in 579 bytes} [Fri Sep 11 17:24:28 2015] GET /server-status/ => generated 6896 bytes in 18 msecs (HTTP/1.1 400) 2 headers in 97 bytes (1 switches on core 0)
[pid: 15171|app: 0|req: 8/11] 121.42.0.14 () {38 vars in 575 bytes} [Fri Sep 11 17:24:42 2015] GET /web-console/ => generated 6896 bytes in 18 msecs (HTTP/1.1 400) 2 headers in 97 bytes (1 switches on core 0)
[pid: 15169|app: 0|req: 4/12] 121.42.0.14 () {38 vars in 575 bytes} [Fri Sep 11 17:24:45 2015] GET /jmx-console/ => generated 6896 bytes in 19 msecs (HTTP/1.1 400) 2 headers in 97 bytes (1 switches on core 0)
[pid: 15171|app: 0|req: 9/13] 121.42.0.14 () {38 vars in 601 bytes} [Fri Sep 11 17:24:47 2015] GET /invoker/JMXInvokerServlet => generated 6896 bytes in 19 msecs (HTTP/1.1 400) 2 headers in 97 bytes (1 switches on core 0)
[pid: 15169|app: 0|req: 5/14] 121.42.0.14 () {38 vars in 601 bytes} [Fri Sep 11 17:24:48 2015] GET /invoker/EJBInvokerServlet => generated 6896 bytes in 19 msecs (HTTP/1.1 400) 2 headers in 97 bytes (1 switches on core 0)
[pid: 15171|app: 0|req: 10/15] 121.42.0.14 () {38 vars in 563 bytes} [Fri Sep 11 17:24:50 2015] GET /status => generated 6896 bytes in 19 msecs (HTTP/1.1 400) 2 headers in 97 bytes (1 switches on core 0)
[pid: 15169|app: 0|req: 6/16] 121.42.0.14 () {38 vars in 577 bytes} [Fri Sep 11 17:24:52 2015] GET /server-status => generated 6896 bytes in 18 msecs (HTTP/1.1 400) 2 headers in 97 bytes (1 switches on core 0)
[pid: 15171|app: 0|req: 11/17] 121.42.0.14 () {40 vars in 607 bytes} [Fri Sep 11 17:24:54 2015] GET /manager/html => generated 6896 bytes in 18 msecs (HTTP/1.1 400) 2 headers in 97 bytes (1 switches on core 0)
[pid: 15171|app: 0|req: 12/18] 61.160.213.110 () {34 vars in 514 bytes} [Fri Sep 11 17:37:31 2015] GET / => generated 6896 bytes in 21 msecs (HTTP/1.1 400) 2 headers in 97 bytes (1 switches on core 0)
